Configuration loaded successfully.
2025-05-13 15:24:48 - genovo_traderv2 - INFO - Logging initialized. Level: INFO. File: results/genovo_traderv2.log
2025-05-13 15:24:48 - genovo_traderv2 - INFO - --- Starting Genovo Trader v2 (Multi-Symbol) ---
2025-05-13 15:24:48 - genovo_traderv2 - INFO - Run Mode: live
2025-05-13 15:24:48 - genovo_traderv2 - INFO - Using device: cuda
2025-05-13 15:24:48 - genovo_traderv2 - INFO - Attempting to send email notification to ['tafolabi009@gmail.com', 'ifeoluwaadegbite15@gmail.com', 'tabioye009@gmail.com']...
2025-05-13 15:24:50 - genovo_traderv2 - INFO - Email notification sent successfully.
2025-05-13 15:24:50 - genovo_traderv2 - INFO - Running in Continuous Live Trading mode with Weekly Retraining.
2025-05-13 15:24:50 - genovo_traderv2 - INFO - Loaded last training time: 2025-04-30 02:31:56.841282
2025-05-13 15:24:50 - genovo_traderv2 - INFO - Retraining triggered. Time since last train: 13 days, 12:52:53.284872
2025-05-13 15:24:50 - genovo_traderv2 - INFO - Attempting to send email notification to ['tafolabi009@gmail.com', 'ifeoluwaadegbite15@gmail.com', 'tabioye009@gmail.com']...
2025-05-13 15:24:54 - genovo_traderv2 - INFO - Email notification sent successfully.
2025-05-13 15:24:54 - genovo_traderv2 - INFO - --- Starting Training Cycle ---
2025-05-13 15:24:54 - genovo_traderv2 - ERROR - MT5 connection failed: Missing login, password, server, or path in config.
2025-05-13 15:24:54 - genovo_traderv2 - ERROR - MT5 connection failed. Cannot start training cycle.
2025-05-13 15:24:54 - genovo_traderv2 - ERROR - Weekly retraining cycle failed or had errors. Live trading will continue with previous models/scalers.
2025-05-13 15:24:54 - genovo_traderv2 - INFO - Attempting to send email notification to ['tafolabi009@gmail.com', 'ifeoluwaadegbite15@gmail.com', 'tabioye009@gmail.com']...
2025-05-13 15:24:55 - genovo_traderv2 - INFO - Email notification sent successfully.
2025-05-13 15:24:55 - genovo_traderv2 - INFO - Pausing briefly after training attempt...
2025-05-13 15:25:26 - genovo_traderv2 - INFO - Retraining triggered. Time since last train: 13 days, 12:53:29.446061
2025-05-13 15:25:26 - genovo_traderv2 - INFO - Attempting to send email notification to ['tafolabi009@gmail.com', 'ifeoluwaadegbite15@gmail.com', 'tabioye009@gmail.com']...
2025-05-13 15:25:27 - genovo_traderv2 - INFO - Email notification sent successfully.
2025-05-13 15:25:27 - genovo_traderv2 - INFO - --- Starting Training Cycle ---
2025-05-13 15:25:27 - genovo_traderv2 - ERROR - MT5 connection failed: Missing login, password, server, or path in config.
2025-05-13 15:25:27 - genovo_traderv2 - ERROR - MT5 connection failed. Cannot start training cycle.
2025-05-13 15:25:27 - genovo_traderv2 - ERROR - Weekly retraining cycle failed or had errors. Live trading will continue with previous models/scalers.
2025-05-13 15:25:27 - genovo_traderv2 - INFO - Attempting to send email notification to ['tafolabi009@gmail.com', 'ifeoluwaadegbite15@gmail.com', 'tabioye009@gmail.com']...
2025-05-13 15:25:28 - genovo_traderv2 - INFO - Email notification sent successfully.
2025-05-13 15:25:28 - genovo_traderv2 - INFO - Pausing briefly after training attempt...
2025-05-13 15:25:58 - genovo_traderv2 - INFO - Retraining triggered. Time since last train: 13 days, 12:54:01.280831
2025-05-13 15:25:58 - genovo_traderv2 - INFO - Attempting to send email notification to ['tafolabi009@gmail.com', 'ifeoluwaadegbite15@gmail.com', 'tabioye009@gmail.com']...
2025-05-13 15:25:58 - genovo_traderv2 - INFO - Email notification sent successfully.
2025-05-13 15:25:58 - genovo_traderv2 - INFO - --- Starting Training Cycle ---
2025-05-13 15:25:58 - genovo_traderv2 - ERROR - MT5 connection failed: Missing login, password, server, or path in config.
2025-05-13 15:25:58 - genovo_traderv2 - ERROR - MT5 connection failed. Cannot start training cycle.
2025-05-13 15:25:58 - genovo_traderv2 - ERROR - Weekly retraining cycle failed or had errors. Live trading will continue with previous models/scalers.
2025-05-13 15:25:58 - genovo_traderv2 - INFO - Attempting to send email notification to ['tafolabi009@gmail.com', 'ifeoluwaadegbite15@gmail.com', 'tabioye009@gmail.com']...
2025-05-13 15:25:59 - genovo_traderv2 - INFO - Email notification sent successfully.
2025-05-13 15:25:59 - genovo_traderv2 - INFO - Pausing briefly after training attempt...
2025-05-13 15:26:29 - genovo_traderv2 - INFO - Retraining triggered. Time since last train: 13 days, 12:54:32.674807
2025-05-13 15:26:29 - genovo_traderv2 - INFO - Attempting to send email notification to ['tafolabi009@gmail.com', 'ifeoluwaadegbite15@gmail.com', 'tabioye009@gmail.com']...
2025-05-13 15:26:30 - genovo_traderv2 - INFO - Email notification sent successfully.
2025-05-13 15:26:30 - genovo_traderv2 - INFO - --- Starting Training Cycle ---
2025-05-13 15:26:30 - genovo_traderv2 - ERROR - MT5 connection failed: Missing login, password, server, or path in config.
2025-05-13 15:26:30 - genovo_traderv2 - ERROR - MT5 connection failed. Cannot start training cycle.
2025-05-13 15:26:30 - genovo_traderv2 - ERROR - Weekly retraining cycle failed or had errors. Live trading will continue with previous models/scalers.
2025-05-13 15:26:30 - genovo_traderv2 - INFO - Attempting to send email notification to ['tafolabi009@gmail.com', 'ifeoluwaadegbite15@gmail.com', 'tabioye009@gmail.com']...
2025-05-13 15:26:31 - genovo_traderv2 - INFO - Email notification sent successfully.
2025-05-13 15:26:31 - genovo_traderv2 - INFO - Pausing briefly after training attempt...
2025-05-13 15:27:01 - genovo_traderv2 - INFO - Retraining triggered. Time since last train: 13 days, 12:55:04.351042
2025-05-13 15:27:01 - genovo_traderv2 - INFO - Attempting to send email notification to ['tafolabi009@gmail.com', 'ifeoluwaadegbite15@gmail.com', 'tabioye009@gmail.com']...
2025-05-13 15:27:01 - genovo_traderv2 - INFO - Email notification sent successfully.
2025-05-13 15:27:01 - genovo_traderv2 - INFO - --- Starting Training Cycle ---
2025-05-13 15:27:01 - genovo_traderv2 - ERROR - MT5 connection failed: Missing login, password, server, or path in config.
2025-05-13 15:27:01 - genovo_traderv2 - ERROR - MT5 connection failed. Cannot start training cycle.
2025-05-13 15:27:01 - genovo_traderv2 - ERROR - Weekly retraining cycle failed or had errors. Live trading will continue with previous models/scalers.
2025-05-13 15:27:01 - genovo_traderv2 - INFO - Attempting to send email notification to ['tafolabi009@gmail.com', 'ifeoluwaadegbite15@gmail.com', 'tabioye009@gmail.com']...
2025-05-13 15:27:02 - genovo_traderv2 - INFO - Email notification sent successfully.
2025-05-13 15:27:02 - genovo_traderv2 - INFO - Pausing briefly after training attempt...
2025-05-13 15:27:32 - genovo_traderv2 - INFO - Retraining triggered. Time since last train: 13 days, 12:55:35.725356
2025-05-13 15:27:32 - genovo_traderv2 - INFO - Attempting to send email notification to ['tafolabi009@gmail.com', 'ifeoluwaadegbite15@gmail.com', 'tabioye009@gmail.com']...
2025-05-13 15:27:33 - genovo_traderv2 - INFO - Email notification sent successfully.
2025-05-13 15:27:33 - genovo_traderv2 - INFO - --- Starting Training Cycle ---
2025-05-13 15:27:33 - genovo_traderv2 - ERROR - MT5 connection failed: Missing login, password, server, or path in config.
2025-05-13 15:27:33 - genovo_traderv2 - ERROR - MT5 connection failed. Cannot start training cycle.
2025-05-13 15:27:33 - genovo_traderv2 - ERROR - Weekly retraining cycle failed or had errors. Live trading will continue with previous models/scalers.
2025-05-13 15:27:33 - genovo_traderv2 - INFO - Attempting to send email notification to ['tafolabi009@gmail.com', 'ifeoluwaadegbite15@gmail.com', 'tabioye009@gmail.com']...
2025-05-13 15:27:35 - genovo_traderv2 - INFO - Email notification sent successfully.
2025-05-13 15:27:35 - genovo_traderv2 - INFO - Pausing briefly after training attempt...
2025-05-13 15:28:05 - genovo_traderv2 - INFO - Retraining triggered. Time since last train: 13 days, 12:56:09.068222
2025-05-13 15:28:05 - genovo_traderv2 - INFO - Attempting to send email notification to ['tafolabi009@gmail.com', 'ifeoluwaadegbite15@gmail.com', 'tabioye009@gmail.com']...
2025-05-13 15:28:06 - genovo_traderv2 - INFO - Email notification sent successfully.
2025-05-13 15:28:06 - genovo_traderv2 - INFO - --- Starting Training Cycle ---
2025-05-13 15:28:06 - genovo_traderv2 - ERROR - MT5 connection failed: Missing login, password, server, or path in config.
2025-05-13 15:28:06 - genovo_traderv2 - ERROR - MT5 connection failed. Cannot start training cycle.
2025-05-13 15:28:06 - genovo_traderv2 - ERROR - Weekly retraining cycle failed or had errors. Live trading will continue with previous models/scalers.
2025-05-13 15:28:06 - genovo_traderv2 - INFO - Attempting to send email notification to ['tafolabi009@gmail.com', 'ifeoluwaadegbite15@gmail.com', 'tabioye009@gmail.com']...
2025-05-13 15:28:07 - genovo_traderv2 - INFO - Email notification sent successfully.
2025-05-13 15:28:07 - genovo_traderv2 - INFO - Pausing briefly after training attempt...
2025-05-13 15:28:37 - genovo_traderv2 - INFO - Retraining triggered. Time since last train: 13 days, 12:56:40.484716
2025-05-13 15:28:37 - genovo_traderv2 - INFO - Attempting to send email notification to ['tafolabi009@gmail.com', 'ifeoluwaadegbite15@gmail.com', 'tabioye009@gmail.com']...
2025-05-13 15:28:37 - genovo_traderv2 - INFO - Email notification sent successfully.
2025-05-13 15:28:37 - genovo_traderv2 - INFO - --- Starting Training Cycle ---
2025-05-13 15:28:37 - genovo_traderv2 - ERROR - MT5 connection failed: Missing login, password, server, or path in config.
2025-05-13 15:28:37 - genovo_traderv2 - ERROR - MT5 connection failed. Cannot start training cycle.
2025-05-13 15:28:37 - genovo_traderv2 - ERROR - Weekly retraining cycle failed or had errors. Live trading will continue with previous models/scalers.
2025-05-13 15:28:37 - genovo_traderv2 - INFO - Attempting to send email notification to ['tafolabi009@gmail.com', 'ifeoluwaadegbite15@gmail.com', 'tabioye009@gmail.com']...
2025-05-13 15:28:38 - genovo_traderv2 - INFO - Email notification sent successfully.
2025-05-13 15:28:38 - genovo_traderv2 - INFO - Pausing briefly after training attempt...
2025-05-13 15:29:08 - genovo_traderv2 - INFO - Retraining triggered. Time since last train: 13 days, 12:57:12.083826
2025-05-13 15:29:08 - genovo_traderv2 - INFO - Attempting to send email notification to ['tafolabi009@gmail.com', 'ifeoluwaadegbite15@gmail.com', 'tabioye009@gmail.com']...
2025-05-13 15:29:09 - genovo_traderv2 - INFO - Email notification sent successfully.
2025-05-13 15:29:09 - genovo_traderv2 - INFO - --- Starting Training Cycle ---
2025-05-13 15:29:09 - genovo_traderv2 - ERROR - MT5 connection failed: Missing login, password, server, or path in config.
2025-05-13 15:29:09 - genovo_traderv2 - ERROR - MT5 connection failed. Cannot start training cycle.
2025-05-13 15:29:09 - genovo_traderv2 - ERROR - Weekly retraining cycle failed or had errors. Live trading will continue with previous models/scalers.
2025-05-13 15:29:09 - genovo_traderv2 - INFO - Attempting to send email notification to ['tafolabi009@gmail.com', 'ifeoluwaadegbite15@gmail.com', 'tabioye009@gmail.com']...
2025-05-13 15:29:10 - genovo_traderv2 - INFO - Email notification sent successfully.
2025-05-13 15:29:10 - genovo_traderv2 - INFO - Pausing briefly after training attempt...
2025-05-13 15:29:40 - genovo_traderv2 - INFO - Retraining triggered. Time since last train: 13 days, 12:57:43.708463
2025-05-13 15:29:40 - genovo_traderv2 - INFO - Attempting to send email notification to ['tafolabi009@gmail.com', 'ifeoluwaadegbite15@gmail.com', 'tabioye009@gmail.com']...
2025-05-13 15:29:41 - genovo_traderv2 - INFO - Email notification sent successfully.
2025-05-13 15:29:41 - genovo_traderv2 - INFO - --- Starting Training Cycle ---
2025-05-13 15:29:41 - genovo_traderv2 - ERROR - MT5 connection failed: Missing login, password, server, or path in config.
2025-05-13 15:29:41 - genovo_traderv2 - ERROR - MT5 connection failed. Cannot start training cycle.
2025-05-13 15:29:41 - genovo_traderv2 - ERROR - Weekly retraining cycle failed or had errors. Live trading will continue with previous models/scalers.
2025-05-13 15:29:41 - genovo_traderv2 - INFO - Attempting to send email notification to ['tafolabi009@gmail.com', 'ifeoluwaadegbite15@gmail.com', 'tabioye009@gmail.com']...
2025-05-13 15:29:41 - genovo_traderv2 - INFO - Email notification sent successfully.
2025-05-13 15:29:41 - genovo_traderv2 - INFO - Pausing briefly after training attempt...
2025-05-13 15:30:11 - genovo_traderv2 - INFO - Retraining triggered. Time since last train: 13 days, 12:58:15.047374
2025-05-13 15:30:11 - genovo_traderv2 - INFO - Attempting to send email notification to ['tafolabi009@gmail.com', 'ifeoluwaadegbite15@gmail.com', 'tabioye009@gmail.com']...
2025-05-13 15:30:12 - genovo_traderv2 - INFO - Email notification sent successfully.
2025-05-13 15:30:12 - genovo_traderv2 - INFO - --- Starting Training Cycle ---
2025-05-13 15:30:12 - genovo_traderv2 - ERROR - MT5 connection failed: Missing login, password, server, or path in config.
2025-05-13 15:30:12 - genovo_traderv2 - ERROR - MT5 connection failed. Cannot start training cycle.
2025-05-13 15:30:12 - genovo_traderv2 - ERROR - Weekly retraining cycle failed or had errors. Live trading will continue with previous models/scalers.
2025-05-13 15:30:12 - genovo_traderv2 - INFO - Attempting to send email notification to ['tafolabi009@gmail.com', 'ifeoluwaadegbite15@gmail.com', 'tabioye009@gmail.com']...
2025-05-13 15:30:13 - genovo_traderv2 - INFO - Email notification sent successfully.
2025-05-13 15:30:13 - genovo_traderv2 - INFO - Pausing briefly after training attempt...
2025-05-13 15:30:43 - genovo_traderv2 - INFO - Retraining triggered. Time since last train: 13 days, 12:58:46.562120
2025-05-13 15:30:43 - genovo_traderv2 - INFO - Attempting to send email notification to ['tafolabi009@gmail.com', 'ifeoluwaadegbite15@gmail.com', 'tabioye009@gmail.com']...
2025-05-13 15:30:44 - genovo_traderv2 - INFO - Email notification sent successfully.
2025-05-13 15:30:44 - genovo_traderv2 - INFO - --- Starting Training Cycle ---
2025-05-13 15:30:44 - genovo_traderv2 - ERROR - MT5 connection failed: Missing login, password, server, or path in config.
2025-05-13 15:30:44 - genovo_traderv2 - ERROR - MT5 connection failed. Cannot start training cycle.
2025-05-13 15:30:44 - genovo_traderv2 - ERROR - Weekly retraining cycle failed or had errors. Live trading will continue with previous models/scalers.
2025-05-13 15:30:44 - genovo_traderv2 - INFO - Attempting to send email notification to ['tafolabi009@gmail.com', 'ifeoluwaadegbite15@gmail.com', 'tabioye009@gmail.com']...
2025-05-13 15:30:44 - genovo_traderv2 - INFO - Email notification sent successfully.
2025-05-13 15:30:44 - genovo_traderv2 - INFO - Pausing briefly after training attempt...
2025-05-13 15:31:14 - genovo_traderv2 - INFO - Retraining triggered. Time since last train: 13 days, 12:59:18.066203
2025-05-13 15:31:14 - genovo_traderv2 - INFO - Attempting to send email notification to ['tafolabi009@gmail.com', 'ifeoluwaadegbite15@gmail.com', 'tabioye009@gmail.com']...
2025-05-13 15:31:15 - genovo_traderv2 - INFO - Email notification sent successfully.
2025-05-13 15:31:15 - genovo_traderv2 - INFO - --- Starting Training Cycle ---
2025-05-13 15:31:15 - genovo_traderv2 - ERROR - MT5 connection failed: Missing login, password, server, or path in config.
2025-05-13 15:31:15 - genovo_traderv2 - ERROR - MT5 connection failed. Cannot start training cycle.
2025-05-13 15:31:15 - genovo_traderv2 - ERROR - Weekly retraining cycle failed or had errors. Live trading will continue with previous models/scalers.
2025-05-13 15:31:15 - genovo_traderv2 - INFO - Attempting to send email notification to ['tafolabi009@gmail.com', 'ifeoluwaadegbite15@gmail.com', 'tabioye009@gmail.com']...
2025-05-13 15:31:16 - genovo_traderv2 - INFO - Email notification sent successfully.
2025-05-13 15:31:16 - genovo_traderv2 - INFO - Pausing briefly after training attempt...
2025-05-13 15:31:46 - genovo_traderv2 - INFO - Retraining triggered. Time since last train: 13 days, 12:59:49.638326
2025-05-13 15:31:46 - genovo_traderv2 - INFO - Attempting to send email notification to ['tafolabi009@gmail.com', 'ifeoluwaadegbite15@gmail.com', 'tabioye009@gmail.com']...
2025-05-13 15:31:47 - genovo_traderv2 - INFO - Email notification sent successfully.
2025-05-13 15:31:47 - genovo_traderv2 - INFO - --- Starting Training Cycle ---
2025-05-13 15:31:47 - genovo_traderv2 - ERROR - MT5 connection failed: Missing login, password, server, or path in config.
2025-05-13 15:31:47 - genovo_traderv2 - ERROR - MT5 connection failed. Cannot start training cycle.
2025-05-13 15:31:47 - genovo_traderv2 - ERROR - Weekly retraining cycle failed or had errors. Live trading will continue with previous models/scalers.
2025-05-13 15:31:47 - genovo_traderv2 - INFO - Attempting to send email notification to ['tafolabi009@gmail.com', 'ifeoluwaadegbite15@gmail.com', 'tabioye009@gmail.com']...
2025-05-13 15:31:47 - genovo_traderv2 - INFO - Email notification sent successfully.
2025-05-13 15:31:47 - genovo_traderv2 - INFO - Pausing briefly after training attempt...
2025-05-13 15:32:17 - genovo_traderv2 - INFO - Retraining triggered. Time since last train: 13 days, 13:00:21.070398
2025-05-13 15:32:17 - genovo_traderv2 - INFO - Attempting to send email notification to ['tafolabi009@gmail.com', 'ifeoluwaadegbite15@gmail.com', 'tabioye009@gmail.com']...
2025-05-13 15:32:18 - genovo_traderv2 - INFO - Email notification sent successfully.
2025-05-13 15:32:18 - genovo_traderv2 - INFO - --- Starting Training Cycle ---
2025-05-13 15:32:18 - genovo_traderv2 - ERROR - MT5 connection failed: Missing login, password, server, or path in config.
2025-05-13 15:32:18 - genovo_traderv2 - ERROR - MT5 connection failed. Cannot start training cycle.
2025-05-13 15:32:18 - genovo_traderv2 - ERROR - Weekly retraining cycle failed or had errors. Live trading will continue with previous models/scalers.
2025-05-13 15:32:18 - genovo_traderv2 - INFO - Attempting to send email notification to ['tafolabi009@gmail.com', 'ifeoluwaadegbite15@gmail.com', 'tabioye009@gmail.com']...
2025-05-13 15:32:19 - genovo_traderv2 - INFO - Email notification sent successfully.
2025-05-13 15:32:19 - genovo_traderv2 - INFO - Pausing briefly after training attempt...
2025-05-13 15:32:49 - genovo_traderv2 - INFO - Retraining triggered. Time since last train: 13 days, 13:00:52.551039
2025-05-13 15:32:49 - genovo_traderv2 - INFO - Attempting to send email notification to ['tafolabi009@gmail.com', 'ifeoluwaadegbite15@gmail.com', 'tabioye009@gmail.com']...
2025-05-13 15:32:50 - genovo_traderv2 - INFO - Email notification sent successfully.
2025-05-13 15:32:50 - genovo_traderv2 - INFO - --- Starting Training Cycle ---
2025-05-13 15:32:50 - genovo_traderv2 - ERROR - MT5 connection failed: Missing login, password, server, or path in config.
2025-05-13 15:32:50 - genovo_traderv2 - ERROR - MT5 connection failed. Cannot start training cycle.
2025-05-13 15:32:50 - genovo_traderv2 - ERROR - Weekly retraining cycle failed or had errors. Live trading will continue with previous models/scalers.
2025-05-13 15:32:50 - genovo_traderv2 - INFO - Attempting to send email notification to ['tafolabi009@gmail.com', 'ifeoluwaadegbite15@gmail.com', 'tabioye009@gmail.com']...
2025-05-13 15:32:50 - genovo_traderv2 - INFO - Email notification sent successfully.
2025-05-13 15:32:50 - genovo_traderv2 - INFO - Pausing briefly after training attempt...
